<?xml version="1.0" encoding="UTF-8"?>
<!-- Generated by org.testng.reporters.JUnitXMLReporter -->
<testsuite hostname="priyakapoor-Dev-Latitude-5491" ignored="0" name="Delete_CreatedProject" tests="2" failures="0" timestamp="03 Feb 2021 15:31:31 GMT" time="0.024" errors="0">
  <testcase name="@BeforeClass FcrLogin" time="0.001" classname="com.api.test.LoginFCR">
    <failure type="java.lang.NullPointerException">
      <![CDATA[java.lang.NullPointerException
at com.api.test.LoginFCR.FcrLogin(LoginFCR.java:50)
... Removed 26 stack frames]]>
    </failure>
  </testcase> <!-- @BeforeClass FcrLogin -->
  <testcase name="FcrProjectCreation" time="0.0" classname="com.api.test.ProjectCreationFCR">
    <skipped/>
  </testcase> <!-- FcrProjectCreation -->
  <testcase name="DeleteFcrProject" time="0.0" classname="com.api.test.DeleteProjectFCR">
    <skipped/>
  </testcase> <!-- DeleteFcrProject -->
</testsuite> <!-- Delete_CreatedProject -->
