<?xml version="1.0" encoding="UTF-8"?>
<!-- Generated by org.testng.reporters.JUnitXMLReporter -->
<testsuite hostname="priyakapoor-Dev-Latitude-5491" ignored="0" name="DownloadVersion_of_CreatedProject" tests="3" failures="0" timestamp="03 Feb 2021 15:50:00 GMT" time="85.847" errors="0">
  <testcase name="FcrProjectCreation" time="2.724" classname="com.api.test.ProjectCreationFCR"/>
  <testcase name="UploadJson" time="7.106" classname="com.api.test.UploadJsonInFCR"/>
  <testcase name="DownloadJson" time="57.955" classname="com.api.test.UploadJsonInFCR"/>
</testsuite> <!-- DownloadVersion_of_CreatedProject -->
