<?xml version="1.0" encoding="UTF-8"?>
<!-- Generated by org.testng.reporters.JUnitXMLReporter -->
<testsuite hostname="priyakapoor-Dev-Latitude-5491" ignored="0" name="FCRapiKey_for_CreatedProject" tests="2" failures="0" timestamp="03 Feb 2021 15:54:00 GMT" time="22.824" errors="0">
  <testcase name="FcrProjectCreation" time="2.773" classname="com.api.test.ProjectCreationFCR"/>
  <testcase name="FetchFcrApiKey" time="1.979" classname="com.api.test.APIKeyFCR"/>
</testsuite> <!-- FCRapiKey_for_CreatedProject -->
