<?xml version="1.0" encoding="UTF-8"?>
<!-- Generated by org.testng.reporters.JUnitXMLReporter -->
<testsuite hostname="priyakapoor-Dev-Latitude-5491" ignored="0" name="UploadJson_In_CreatedProject" tests="2" failures="0" timestamp="03 Feb 2021 15:32:03 GMT" time="32.019" errors="0">
  <testcase name="FcrProjectCreation" time="4.981" classname="com.api.test.ProjectCreationFCR"/>
  <testcase name="UploadJson" time="9.157" classname="com.api.test.UploadJsonInFCR"/>
</testsuite> <!-- UploadJson_In_CreatedProject -->
