<?xml version="1.0" encoding="UTF-8"?>
<testng-results skipped="0" failed="0" ignored="0" total="2" passed="2">
  <reporter-output>
  </reporter-output>
  <suite name="SmokeSuite" duration-ms="23474" started-at="2021-01-21T15:41:54Z" finished-at="2021-01-21T15:42:18Z">
    <groups>
    </groups>
    <test name="SmokeSuite_FCR" duration-ms="23474" started-at="2021-01-21T15:41:54Z" finished-at="2021-01-21T15:42:18Z">
      <class name="com.api.test.APIKeyFCR">
        <test-method status="PASS" signature="Intialise()[pri:0, instance:com.api.test.APIKeyFCR@14bf9759]" name="Intialise" is-config="true" duration-ms="393" started-at="2021-01-21T15:41:54Z" finished-at="2021-01-21T15:41:54Z">
          <reporter-output>
          </reporter-output>
        </test-method> <!-- Intialise -->
        <test-method status="PASS" signature="FcrLogin()[pri:0, instance:com.api.test.APIKeyFCR@14bf9759]" name="FcrLogin" is-config="true" duration-ms="17859" started-at="2021-01-21T15:41:54Z" finished-at="2021-01-21T15:42:12Z">
          <reporter-output>
          </reporter-output>
        </test-method> <!-- FcrLogin -->
        <test-method status="PASS" signature="FcrProjectCreation()[pri:0, instance:com.api.test.APIKeyFCR@14bf9759]" name="FcrProjectCreation" duration-ms="3564" started-at="2021-01-21T15:42:12Z" finished-at="2021-01-21T15:42:16Z">
          <reporter-output>
          </reporter-output>
        </test-method> <!-- FcrProjectCreation -->
        <test-method status="PASS" signature="FetchFcrApiKey()[pri:0, instance:com.api.test.APIKeyFCR@14bf9759]" name="FetchFcrApiKey" duration-ms="2037" started-at="2021-01-21T15:42:16Z" depends-on-methods="com.api.test.ProjectCreationFCR.FcrProjectCreation" finished-at="2021-01-21T15:42:18Z">
          <reporter-output>
          </reporter-output>
        </test-method> <!-- FetchFcrApiKey -->
      </class> <!-- com.api.test.APIKeyFCR -->
    </test> <!-- SmokeSuite_FCR -->
  </suite> <!-- SmokeSuite -->
</testng-results>
